mode: set
kareru-backend/internal/domain/model/schedule.go:27.37,30.16 3 1
kareru-backend/internal/domain/model/schedule.go:30.16,32.3 1 0
kareru-backend/internal/domain/model/schedule.go:35.2,39.50 3 1
kareru-backend/internal/domain/model/schedule.go:43.42,46.16 3 1
kareru-backend/internal/domain/model/schedule.go:46.16,48.3 1 0
kareru-backend/internal/domain/model/schedule.go:49.2,49.35 1 1
kareru-backend/internal/domain/model/schedule.go:53.56,54.41 1 1
kareru-backend/internal/domain/model/schedule.go:54.41,56.3 1 1
kareru-backend/internal/domain/model/schedule.go:57.2,57.12 1 1
kareru-backend/internal/domain/model/schedule.go:61.38,62.38 1 1
kareru-backend/internal/domain/model/schedule.go:62.38,64.3 1 1
kareru-backend/internal/domain/model/schedule.go:65.2,65.12 1 1
kareru-backend/internal/domain/model/schedule.go:69.46,71.35 1 1
kareru-backend/internal/domain/model/schedule.go:71.35,72.41 1 1
kareru-backend/internal/domain/model/schedule.go:72.41,74.4 1 0
kareru-backend/internal/domain/model/schedule.go:78.2,78.40 1 1
kareru-backend/internal/domain/model/schedule.go:78.40,79.45 1 1
kareru-backend/internal/domain/model/schedule.go:79.45,80.47 1 1
kareru-backend/internal/domain/model/schedule.go:80.47,82.5 1 1
kareru-backend/internal/domain/model/schedule.go:86.2,86.12 1 1
kareru-backend/internal/domain/model/schedule.go:90.51,93.2 1 1
kareru-backend/internal/domain/model/schedule.go:96.37,98.2 1 1
kareru-backend/internal/domain/model/schedule.go:101.39,103.16 2 1
kareru-backend/internal/domain/model/schedule.go:103.16,105.3 1 0
kareru-backend/internal/domain/model/schedule.go:107.2,108.16 2 1
kareru-backend/internal/domain/model/schedule.go:108.16,110.3 1 0
kareru-backend/internal/domain/model/schedule.go:112.2,119.8 2 1
